<?xml version="1.0" encoding="UTF-8"?>
<testng-results skipped="0" failed="0" ignored="0" total="1" passed="1">
  <reporter-output>
  </reporter-output>
  <suite name="Default suite" duration-ms="47117" started-at="2017-08-15T10:16:05Z" finished-at="2017-08-15T10:16:52Z">
    <groups>
    </groups>
    <test name="Default test" duration-ms="47117" started-at="2017-08-15T10:16:05Z" finished-at="2017-08-15T10:16:52Z">
      <class name="com.test.tectm.NewTest">
        <test-method status="PASS" signature="beforeMethod()[pri:0, instance:com.test.tectm.NewTest@77caeb3e]" name="beforeMethod" is-config="true" duration-ms="16" started-at="2017-08-15T12:16:05Z" finished-at="2017-08-15T12:16:05Z">
          <reporter-output>
          </reporter-output>
        </test-method> <!-- beforeMethod -->
        <test-method status="PASS" signature="f()[pri:0, instance:com.test.tectm.NewTest@77caeb3e]" name="f" duration-ms="47086" started-at="2017-08-15T12:16:05Z" finished-at="2017-08-15T12:16:52Z">
          <reporter-output>
          </reporter-output>
        </test-method> <!-- f -->
      </class> <!-- com.test.tectm.NewTest -->
    </test> <!-- Default test -->
  </suite> <!-- Default suite -->
</testng-results>
